<?xml version="1.0" encoding="UTF-8"?>
<testng-results total="1" passed="1" failed="0" skipped="0">
  <reporter-output>
  </reporter-output>
  <suite started-at="2021-09-03T20:45:44Z" name="Default suite" finished-at="2021-09-03T20:46:00Z" duration-ms="16090">
    <groups>
    </groups>
    <test started-at="2021-09-03T20:45:44Z" name="Default test" finished-at="2021-09-03T20:46:00Z" duration-ms="16090">
      <class name="com.liverpool.test.login.Story3_TC1">
        <test-method is-config="true" signature="setUp()[pri:0, instance:com.liverpool.test.login.Story3_TC1@616ac46a]" started-at="2021-09-03T15:45:44Z" name="setUp" finished-at="2021-09-03T15:45:49Z" duration-ms="5193" status="PASS">
          <reporter-output>
          </reporter-output>
        </test-method> <!-- setUp -->
        <test-method signature="CreateAccount()[pri:0, instance:com.liverpool.test.login.Story3_TC1@616ac46a]" started-at="2021-09-03T15:45:49Z" name="CreateAccount" finished-at="2021-09-03T15:46:00Z" duration-ms="10882" status="PASS">
          <reporter-output>
          </reporter-output>
        </test-method> <!-- CreateAccount -->
      </class> <!-- com.liverpool.test.login.Story3_TC1 -->
    </test> <!-- Default test -->
  </suite> <!-- Default suite -->
</testng-results>
